Unity Editor version:    2021.3.19f1 (c9714fde33b6)
Branch:                  2021.3/staging
Build type:              Release
Batch mode:              YES
macOS version:           Version 14.1 (Build 23B74)
Darwin version:          23.1.0
Architecture:            arm64
Running under Rosetta:   NO
Available memory:        8192 MB
Using pre-set license
Pro License: YES

COMMAND LINE ARGUMENTS:
/Users/filippomariani/Documents/Unity/2021.3.19f1/Unity.app/Contents/MacOS/Unity
-adb2
-batchMode
-noUpm
-name
AssetImportWorker0
-projectPath
/Users/filippomariani/Desktop/UserExperience
-logFile
Logs/AssetImportWorker0.log
-srvPort
59503
Successfully changed project path to: /Users/filippomariani/Desktop/UserExperience
/Users/filippomariani/Desktop/UserExperience
[UnityMemory] Configuration Parameters - Can be set up in boot.config
    "memorysetup-bucket-allocator-granularity=16"
    "memorysetup-bucket-allocator-bucket-count=8"
    "memorysetup-bucket-allocator-block-size=33554432"
    "memorysetup-bucket-allocator-block-count=8"
    "memorysetup-main-allocator-block-size=16777216"
    "memorysetup-thread-allocator-block-size=16777216"
    "memorysetup-gfx-main-allocator-block-size=16777216"
    "memorysetup-gfx-thread-allocator-block-size=16777216"
    "memorysetup-cache-allocator-block-size=4194304"
    "memorysetup-typetree-allocator-block-size=2097152"
    "memorysetup-profiler-bucket-allocator-granularity=16"
    "memorysetup-profiler-bucket-allocator-bucket-count=8"
    "memorysetup-profiler-bucket-allocator-block-size=33554432"
    "memorysetup-profiler-bucket-allocator-block-count=8"
    "memorysetup-profiler-allocator-block-size=16777216"
    "memorysetup-profiler-editor-allocator-block-size=1048576"
    "memorysetup-temp-allocator-size-main=16777216"
    "memorysetup-job-temp-allocator-block-size=2097152"
    "memorysetup-job-temp-allocator-block-size-background=1048576"
    "memorysetup-job-temp-allocator-reduction-small-platforms=262144"
    "memorysetup-temp-allocator-size-background-worker=32768"
    "memorysetup-temp-allocator-size-job-worker=262144"
    "memorysetup-temp-allocator-size-preload-manager=33554432"
    "memorysetup-temp-allocator-size-nav-mesh-worker=65536"
    "memorysetup-temp-allocator-size-audio-worker=65536"
    "memorysetup-temp-allocator-size-cloud-worker=32768"
    "memorysetup-temp-allocator-size-gi-baking-worker=262144"
    "memorysetup-temp-allocator-size-gfx=262144"
Player connection [8002494144] Host "[IP] 192.168.5.115 [Port] 0 [Flags] 2 [Guid] 1136359564 [EditorId] 1136359564 [Version] 1048832 [Id] OSXEditor(0,a.local) [Debug] 1 [PackageName] OSXEditor [ProjectName] Editor" joined multi-casting on [225.0.0.222:54997]...

Player connection [8002494144] Host "[IP] 192.168.5.115 [Port] 0 [Flags] 2 [Guid] 1136359564 [EditorId] 1136359564 [Version] 1048832 [Id] OSXEditor(0,a.local) [Debug] 1 [PackageName] OSXEditor [ProjectName] Editor" joined alternative multi-casting on [225.0.0.222:34997]...

Refreshing native plugins compatible for Editor in 57.58 ms, found 2 plugins.
Preloading 0 native plugins for Editor in 0.00 ms.
Initialize engine version: 2021.3.19f1 (c9714fde33b6)
[Subsystems] Discovering subsystems at path /Users/filippomariani/Documents/Unity/2021.3.19f1/Unity.app/Contents/Resources/UnitySubsystems
[Subsystems] Discovering subsystems at path /Users/filippomariani/Desktop/UserExperience/Assets
GfxDevice: creating device client; threaded=0; jobified=0
 preferred device: Apple M1 (high power)
Metal devices available: 1
0: Apple M1 (high power)
Using device Apple M1 (high power)
Initializing Metal device caps: Apple M1
Initialize mono
Mono path[0] = '/Users/filippomariani/Documents/Unity/2021.3.19f1/Unity.app/Contents/Managed'
Mono path[1] = '/Users/filippomariani/Documents/Unity/2021.3.19f1/Unity.app/Contents/MonoBleedingEdge/lib/mono/unityjit-macos'
Mono config path = '/Users/filippomariani/Documents/Unity/2021.3.19f1/Unity.app/Contents/MonoBleedingEdge/etc'
Using monoOptions --debugger-agent=transport=dt_socket,embedding=1,server=y,suspend=n,address=127.0.0.1:56134
Begin MonoManager ReloadAssembly
Registering precompiled unity dll's ...
Register platform support module: /Users/filippomariani/Documents/Unity/2021.3.19f1/Unity.app/Contents/PlaybackEngines/MacStandaloneSupport/UnityEditor.OSXStandalone.Extensions.dll
Register platform support module: /Users/filippomariani/Documents/Unity/2021.3.19f1/PlaybackEngines/AndroidPlayer/UnityEditor.Android.Extensions.dll
Register platform support module: /Users/filippomariani/Documents/Unity/2021.3.19f1/PlaybackEngines/iOSSupport/UnityEditor.iOS.Extensions.dll
Registered in 0.002165 seconds.
[usbmuxd] Start listen thread
[usbmuxd] Listen thread started
[usbmuxd] Send listen message
Native extension for iOS target not found
2024-01-11 23:58:01.754 Unity[92134:20739252] [XcodeApplications] Expected com.apple.dt.Xcode CFBundleIdentifier but found com.microsoft.VSCode in /Users/filippomariani/Downloads/Visual Studio Code-2.app/Contents/Info.plist
Native extension for Android target not found
Android Extension - Scanning For ADB Devices 840 ms
Native extension for OSXStandalone target not found
Refreshing native plugins compatible for Editor in 30.13 ms, found 2 plugins.
Preloading 0 native plugins for Editor in 0.00 ms.
Mono: successfully reloaded assembly
- Completed reload, in  1.329 seconds
Domain Reload Profiling:
	ReloadAssembly (1329ms)
		BeginReloadAssembly (63ms)
			ExecutionOrderSort (0ms)
			DisableScriptedObjects (0ms)
			BackupInstance (0ms)
			ReleaseScriptingObjects (0ms)
			CreateAndSetChildDomain (1ms)
		EndReloadAssembly (1196ms)
			LoadAssemblies (64ms)
			RebuildTransferFunctionScriptingTraits (0ms)
			SetupTypeCache (79ms)
			ReleaseScriptCaches (0ms)
			RebuildScriptCaches (20ms)
			SetupLoadedEditorAssemblies (1068ms)
				LogAssemblyErrors (0ms)
				InitializePlatformSupportModulesInManaged (966ms)
				SetLoadedEditorAssemblies (0ms)
				RefreshPlugins (30ms)
				BeforeProcessingInitializeOnLoad (1ms)
				ProcessInitializeOnLoadAttributes (47ms)
				ProcessInitializeOnLoadMethodAttributes (24ms)
				AfterProcessingInitializeOnLoad (0ms)
				EditorAssembliesLoaded (0ms)
			ExecutionOrderSort2 (0ms)
			AwakeInstancesAfterBackupRestoration (0ms)
Platform modules already initialized, skipping
Registering precompiled user dll's ...
Registered in 0.001208 seconds.
Begin MonoManager ReloadAssembly
Native extension for iOS target not found
2024-01-11 23:58:03.834 Unity[92134:20739252] [XcodeApplications] Expected com.apple.dt.Xcode CFBundleIdentifier but found com.microsoft.VSCode in /Users/filippomariani/Downloads/Visual Studio Code-2.app/Contents/Info.plist
Native extension for Android target not found
Native extension for OSXStandalone target not found
Refreshing native plugins compatible for Editor in 0.42 ms, found 2 plugins.
Preloading 0 native plugins for Editor in 0.00 ms.
Mono: successfully reloaded assembly
- Completed reload, in  0.866 seconds
Domain Reload Profiling:
	ReloadAssembly (867ms)
		BeginReloadAssembly (63ms)
			ExecutionOrderSort (0ms)
			DisableScriptedObjects (3ms)
			BackupInstance (0ms)
			ReleaseScriptingObjects (0ms)
			CreateAndSetChildDomain (18ms)
		EndReloadAssembly (731ms)
			LoadAssemblies (56ms)
			RebuildTransferFunctionScriptingTraits (0ms)
			SetupTypeCache (136ms)
			ReleaseScriptCaches (1ms)
			RebuildScriptCaches (36ms)
			SetupLoadedEditorAssemblies (443ms)
				LogAssemblyErrors (0ms)
				InitializePlatformSupportModulesInManaged (20ms)
				SetLoadedEditorAssemblies (0ms)
				RefreshPlugins (0ms)
				BeforeProcessingInitializeOnLoad (119ms)
				ProcessInitializeOnLoadAttributes (196ms)
				ProcessInitializeOnLoadMethodAttributes (106ms)
				AfterProcessingInitializeOnLoad (1ms)
				EditorAssembliesLoaded (0ms)
			ExecutionOrderSort2 (0ms)
			AwakeInstancesAfterBackupRestoration (3ms)
Platform modules already initialized, skipping
========================================================================
Worker process is ready to serve import requests
Launching external process: /Users/filippomariani/Documents/Unity/2021.3.19f1/Unity.app/Contents/Tools/UnityShaderCompiler
Launched and connected shader compiler UnityShaderCompiler after 0.23 seconds
Refreshing native plugins compatible for Editor in 0.43 ms, found 2 plugins.
Preloading 0 native plugins for Editor in 0.00 ms.
Unloading 2335 Unused Serialized files (Serialized files now loaded: 0)
Unloading 60 unused Assets / (41.5 KB). Loaded Objects now: 2772.
Memory consumption went from 83.8 MB to 83.8 MB.
Total: 6.641500 ms (FindLiveObjects: 0.172417 ms CreateObjectMapping: 0.032500 ms MarkObjects: 6.335250 ms  DeleteObjects: 0.099750 ms)

AssetImportParameters requested are different than current active one (requested -> active):
  custom:video-decoder-ogg-theora: a1e56fd34408186e4bbccfd4996cb3dc -> 
  custom:container-muxer-webm: aa71ff27fc2769a1b78a27578f13a17b -> 
  custom:container-demuxer-webm: 4f35f7cbe854078d1ac9338744f61a02 -> 
  custom:video-encoder-webm-vp8: eb34c28f22e8b96e1ab97ce403110664 -> 
  custom:framework-osx-AVFoundation: e770b220cccbd017edd2c1fefb359320 -> 
  custom:audio-encoder-webm-vorbis: bf7c407c2cedff20999df2af8eb42d56 -> 
  custom:container-demuxer-ogg: 62fdf1f143b41e24485cea50d1cbac27 -> 
  custom:video-decoder-webm-vp8: 9c59270c3fd7afecdb556c50c9e8de78 -> 
  custom:audio-decoder-ogg-vorbis: bf7c407c2cedff20999df2af8eb42d56 -> 
========================================================================
Received Import Request.
  Time since last request: 1342945.058232 seconds.
  path: Assets/Font
  artifactKey: Guid(66fae093b405c4cf19828cc94c5ed23a) Importer(815301076,1909f56bfc062723c751e8b465ee728b)
Start importing Assets/Font using Guid(66fae093b405c4cf19828cc94c5ed23a) Importer(815301076,1909f56bfc062723c751e8b465ee728b)  -> (artifact id: '46b815a09335a753b07c3c2aea698d64') in 0.004946 seconds 
========================================================================
Received Import Request.
  Time since last request: 7.223119 seconds.
  path: Assets/Font/NeuePower-Ultra.ttf
  artifactKey: Guid(5b21a36eccef14de3861386a48f2a59f) Importer(815301076,1909f56bfc062723c751e8b465ee728b)
Start importing Assets/Font/NeuePower-Ultra.ttf using Guid(5b21a36eccef14de3861386a48f2a59f) Importer(815301076,1909f56bfc062723c751e8b465ee728b)  -> (artifact id: 'c2cd3ff106f447d72fd85a845eb8f3fd') in 0.637021 seconds 
========================================================================
Received Import Request.
  Time since last request: 13.071526 seconds.
  path: Assets/Font/Browood-Regular.ttf
  artifactKey: Guid(a1aa51632540e4846960d3396f47a888) Importer(815301076,1909f56bfc062723c751e8b465ee728b)
Start importing Assets/Font/Browood-Regular.ttf using Guid(a1aa51632540e4846960d3396f47a888) Importer(815301076,1909f56bfc062723c751e8b465ee728b)  -> (artifact id: '4fd2398a5f82d8f9ad783b34e2cfc756') in 0.039548 seconds 
========================================================================
Received Import Request.
  Time since last request: 6.397125 seconds.
  path: Assets/Font/Square.ttf
  artifactKey: Guid(115ff6393c1a044c08f9dad6001f5234) Importer(815301076,1909f56bfc062723c751e8b465ee728b)
Start importing Assets/Font/Square.ttf using Guid(115ff6393c1a044c08f9dad6001f5234) Importer(815301076,1909f56bfc062723c751e8b465ee728b)  -> (artifact id: '9f4a862c4a6cfbe6b89546cf3e7f26ef') in 0.014008 seconds 
========================================================================
Received Import Request.
  Time since last request: 167.738434 seconds.
  path: Packages/com.unity.analytics/DataPrivacy/DataPrivacyIcon.png
  artifactKey: Guid(599a5fd92bab81a4ab02e52d0b1b1c60) Importer(815301076,1909f56bfc062723c751e8b465ee728b)
Start importing Packages/com.unity.analytics/DataPrivacy/DataPrivacyIcon.png using Guid(599a5fd92bab81a4ab02e52d0b1b1c60) Importer(815301076,1909f56bfc062723c751e8b465ee728b)  -> (artifact id: '380b9faacb5f43487bbb7e8aec91a395') in 0.597140 seconds 
========================================================================
Received Import Request.
  Time since last request: 3.551587 seconds.
  path: Assets/Art/Doodle Jump/ach-facebook.png
  artifactKey: Guid(ea9b4097b0588be489767582a845d9f8) Importer(815301076,1909f56bfc062723c751e8b465ee728b)
Start importing Assets/Art/Doodle Jump/ach-facebook.png using Guid(ea9b4097b0588be489767582a845d9f8) Importer(815301076,1909f56bfc062723c751e8b465ee728b)  -> (artifact id: '4f93f8f91cb8b9cf84657df21f7464e1') in 0.014539 seconds 
========================================================================
Received Import Request.
  Time since last request: 0.353562 seconds.
  path: Assets/Art/Doodle Jump/ach-pocket-god.png
  artifactKey: Guid(f18c53e28f927e44facbc341689e88bc) Importer(815301076,1909f56bfc062723c751e8b465ee728b)
Start importing Assets/Art/Doodle Jump/ach-pocket-god.png using Guid(f18c53e28f927e44facbc341689e88bc) Importer(815301076,1909f56bfc062723c751e8b465ee728b)  -> (artifact id: 'b0f25eb21df8c255588e49b9a5da79a6') in 0.007318 seconds 
========================================================================
Received Import Request.
  Time since last request: 0.002708 seconds.
  path: Assets/Art/Doodle Jump/ach-propeller.png
  artifactKey: Guid(132743283572d6044ad78ea2eea37a86) Importer(815301076,1909f56bfc062723c751e8b465ee728b)
Start importing Assets/Art/Doodle Jump/ach-propeller.png using Guid(132743283572d6044ad78ea2eea37a86) Importer(815301076,1909f56bfc062723c751e8b465ee728b)  -> (artifact id: '95528524fc2efce6035a10d15667e679') in 0.009242 seconds 
========================================================================
Received Import Request.
  Time since last request: 0.026997 seconds.
  path: Assets/Art/Doodle Jump/ach-race-champ.png
  artifactKey: Guid(f8f473c895997e341bebc137d37ab7f7) Importer(815301076,1909f56bfc062723c751e8b465ee728b)
Start importing Assets/Art/Doodle Jump/ach-race-champ.png using Guid(f8f473c895997e341bebc137d37ab7f7) Importer(815301076,1909f56bfc062723c751e8b465ee728b)  -> (artifact id: '57d01f74f9a9f01b66c9f60925ac61bf') in 0.006009 seconds 
========================================================================
Received Import Request.
  Time since last request: 0.006205 seconds.
  path: Assets/Art/Doodle Jump/ach-race-hero.png
  artifactKey: Guid(3fac9a2cb2ec3d74fb8837a8efc6b19e) Importer(815301076,1909f56bfc062723c751e8b465ee728b)
Start importing Assets/Art/Doodle Jump/ach-race-hero.png using Guid(3fac9a2cb2ec3d74fb8837a8efc6b19e) Importer(815301076,1909f56bfc062723c751e8b465ee728b)  -> (artifact id: '76ca16f7cc94bf158b850391110d3c00') in 0.005357 seconds 
========================================================================
Received Import Request.
  Time since last request: 0.320207 seconds.
  path: Assets/Art/Doodle Jump/ach-ufo.png
  artifactKey: Guid(02a0e1723b8682b40ad40e42ba34280f) Importer(815301076,1909f56bfc062723c751e8b465ee728b)
Start importing Assets/Art/Doodle Jump/ach-ufo.png using Guid(02a0e1723b8682b40ad40e42ba34280f) Importer(815301076,1909f56bfc062723c751e8b465ee728b)  -> (artifact id: 'eb3d3f1f274ef620a959953a05f1d2df') in 0.005469 seconds 
========================================================================
Received Import Request.
  Time since last request: 0.074169 seconds.
  path: Assets/Art/Doodle Jump/all.png
  artifactKey: Guid(e01d1be55291d5041a5e34e4abfc9487) Importer(815301076,1909f56bfc062723c751e8b465ee728b)
Start importing Assets/Art/Doodle Jump/all.png using Guid(e01d1be55291d5041a5e34e4abfc9487) Importer(815301076,1909f56bfc062723c751e8b465ee728b)  -> (artifact id: 'b0c037414516ee50705a5bbc793f44bc') in 0.005767 seconds 
========================================================================
Received Prepare
Registering precompiled user dll's ...
Registered in 0.001571 seconds.
Begin MonoManager ReloadAssembly
Thread 0x298a8b000 may have been prematurely finalized
Native extension for iOS target not found
2024-01-12 00:04:38.677 Unity[92134:20739252] [XcodeApplications] Expected com.apple.dt.Xcode CFBundleIdentifier but found com.microsoft.VSCode in /Users/filippomariani/Downloads/Visual Studio Code-2.app/Contents/Info.plist
Native extension for Android target not found
Native extension for OSXStandalone target not found
Refreshing native plugins compatible for Editor in 0.74 ms, found 2 plugins.
Preloading 0 native plugins for Editor in 0.00 ms.
Mono: successfully reloaded assembly
- Completed reload, in  0.885 seconds
Domain Reload Profiling:
	ReloadAssembly (886ms)
		BeginReloadAssembly (112ms)
			ExecutionOrderSort (0ms)
			DisableScriptedObjects (4ms)
			BackupInstance (0ms)
			ReleaseScriptingObjects (0ms)
			CreateAndSetChildDomain (56ms)
		EndReloadAssembly (703ms)
			LoadAssemblies (44ms)
			RebuildTransferFunctionScriptingTraits (0ms)
			SetupTypeCache (173ms)
			ReleaseScriptCaches (2ms)
			RebuildScriptCaches (45ms)
			SetupLoadedEditorAssemblies (362ms)
				LogAssemblyErrors (0ms)
				InitializePlatformSupportModulesInManaged (28ms)
				SetLoadedEditorAssemblies (0ms)
				RefreshPlugins (1ms)
				BeforeProcessingInitializeOnLoad (61ms)
				ProcessInitializeOnLoadAttributes (152ms)
				ProcessInitializeOnLoadMethodAttributes (120ms)
				AfterProcessingInitializeOnLoad (1ms)
				EditorAssembliesLoaded (0ms)
			ExecutionOrderSort2 (0ms)
			AwakeInstancesAfterBackupRestoration (3ms)
Platform modules already initialized, skipping
Refreshing native plugins compatible for Editor in 1.91 ms, found 2 plugins.
Preloading 0 native plugins for Editor in 0.00 ms.
Unloading 2329 Unused Serialized files (Serialized files now loaded: 0)
Unloading 49 unused Assets / (23.0 KB). Loaded Objects now: 2828.
Memory consumption went from 93.7 MB to 93.7 MB.
Total: 7.273625 ms (FindLiveObjects: 0.119458 ms CreateObjectMapping: 0.040000 ms MarkObjects: 7.073333 ms  DeleteObjects: 0.040333 ms)

AssetImportParameters requested are different than current active one (requested -> active):
  custom:video-decoder-ogg-theora: a1e56fd34408186e4bbccfd4996cb3dc -> 
  custom:container-muxer-webm: aa71ff27fc2769a1b78a27578f13a17b -> 
  custom:container-demuxer-webm: 4f35f7cbe854078d1ac9338744f61a02 -> 
  custom:video-encoder-webm-vp8: eb34c28f22e8b96e1ab97ce403110664 -> 
  custom:framework-osx-AVFoundation: e770b220cccbd017edd2c1fefb359320 -> 
  custom:audio-encoder-webm-vorbis: bf7c407c2cedff20999df2af8eb42d56 -> 
  custom:container-demuxer-ogg: 62fdf1f143b41e24485cea50d1cbac27 -> 
  custom:video-decoder-webm-vp8: 9c59270c3fd7afecdb556c50c9e8de78 -> 
  custom:audio-decoder-ogg-vorbis: bf7c407c2cedff20999df2af8eb42d56 -> 
========================================================================
Received Prepare
Registering precompiled user dll's ...
Registered in 0.001426 seconds.
Begin MonoManager ReloadAssembly
Thread 0x16dd57000 may have been prematurely finalized
Native extension for iOS target not found
2024-01-12 00:05:26.144 Unity[92134:20739252] [XcodeApplications] Expected com.apple.dt.Xcode CFBundleIdentifier but found com.microsoft.VSCode in /Users/filippomariani/Downloads/Visual Studio Code-2.app/Contents/Info.plist
Native extension for Android target not found
Native extension for OSXStandalone target not found
Refreshing native plugins compatible for Editor in 0.67 ms, found 2 plugins.
Preloading 0 native plugins for Editor in 0.00 ms.
Mono: successfully reloaded assembly
- Completed reload, in  0.954 seconds
Domain Reload Profiling:
	ReloadAssembly (955ms)
		BeginReloadAssembly (147ms)
			ExecutionOrderSort (0ms)
			DisableScriptedObjects (11ms)
			BackupInstance (0ms)
			ReleaseScriptingObjects (0ms)
			CreateAndSetChildDomain (70ms)
		EndReloadAssembly (736ms)
			LoadAssemblies (49ms)
			RebuildTransferFunctionScriptingTraits (0ms)
			SetupTypeCache (184ms)
			ReleaseScriptCaches (1ms)
			RebuildScriptCaches (47ms)
			SetupLoadedEditorAssemblies (373ms)
				LogAssemblyErrors (0ms)
				InitializePlatformSupportModulesInManaged (32ms)
				SetLoadedEditorAssemblies (0ms)
				RefreshPlugins (1ms)
				BeforeProcessingInitializeOnLoad (61ms)
				ProcessInitializeOnLoadAttributes (158ms)
				ProcessInitializeOnLoadMethodAttributes (120ms)
				AfterProcessingInitializeOnLoad (1ms)
				EditorAssembliesLoaded (0ms)
			ExecutionOrderSort2 (0ms)
			AwakeInstancesAfterBackupRestoration (3ms)
Platform modules already initialized, skipping
Refreshing native plugins compatible for Editor in 2.38 ms, found 2 plugins.
Preloading 0 native plugins for Editor in 0.00 ms.
Unloading 2329 Unused Serialized files (Serialized files now loaded: 0)
Unloading 49 unused Assets / (23.0 KB). Loaded Objects now: 2831.
Memory consumption went from 93.7 MB to 93.7 MB.
Total: 7.565375 ms (FindLiveObjects: 0.222667 ms CreateObjectMapping: 0.045542 ms MarkObjects: 7.267292 ms  DeleteObjects: 0.028750 ms)

AssetImportParameters requested are different than current active one (requested -> active):
  custom:video-decoder-ogg-theora: a1e56fd34408186e4bbccfd4996cb3dc -> 
  custom:container-muxer-webm: aa71ff27fc2769a1b78a27578f13a17b -> 
  custom:container-demuxer-webm: 4f35f7cbe854078d1ac9338744f61a02 -> 
  custom:video-encoder-webm-vp8: eb34c28f22e8b96e1ab97ce403110664 -> 
  custom:framework-osx-AVFoundation: e770b220cccbd017edd2c1fefb359320 -> 
  custom:audio-encoder-webm-vorbis: bf7c407c2cedff20999df2af8eb42d56 -> 
  custom:container-demuxer-ogg: 62fdf1f143b41e24485cea50d1cbac27 -> 
  custom:video-decoder-webm-vp8: 9c59270c3fd7afecdb556c50c9e8de78 -> 
  custom:audio-decoder-ogg-vorbis: bf7c407c2cedff20999df2af8eb42d56 -> 
